0 info it worked if it ends with ok
1 verbose cli [ 'c:\\Program Files\\nodejs\\node.exe',
1 verbose cli   'c:\\Program Files\\nodejs\\node_modules\\npm\\bin\\npm-cli.js',
1 verbose cli   'install' ]
2 info using npm@1.4.28
3 info using node@v0.10.33
4 warn package.json myWebSite@1.0.0 No description
5 warn package.json myWebSite@1.0.0 No repository field.
6 verbose readDependencies using package.json deps
7 verbose install where, deps [ 'f:\\work\\myWebSite',
7 verbose install   [ 'body-parser',
7 verbose install     'cookie-parser',
7 verbose install     'ejs',
7 verbose install     'express',
7 verbose install     'express-session',
7 verbose install     'log4js',
7 verbose install     'multer',
7 verbose install     'qs',
7 verbose install     'scanf',
7 verbose install     'wechat',
7 verbose install     'node-mysql' ] ]
8 info preinstall myWebSite@1.0.0
9 verbose readDependencies using package.json deps
10 verbose already installed skipping body-parser@^1.12.3 f:\work\myWebSite
11 verbose already installed skipping cookie-parser@^1.3.4 f:\work\myWebSite
12 verbose already installed skipping ejs@^2.3.1 f:\work\myWebSite
13 verbose already installed skipping express@^4.12.3 f:\work\myWebSite
14 verbose already installed skipping express-session@^1.11.1 f:\work\myWebSite
15 verbose already installed skipping log4js@^0.6.24 f:\work\myWebSite
16 verbose already installed skipping multer@^0.1.8 f:\work\myWebSite
17 verbose already installed skipping qs@^2.4.1 f:\work\myWebSite
18 verbose already installed skipping scanf@^0.6.0 f:\work\myWebSite
19 verbose already installed skipping wechat@* f:\work\myWebSite
20 verbose cache add [ 'node-mysql@2.7.0', null ]
21 verbose cache add name=undefined spec="node-mysql@2.7.0" args=["node-mysql@2.7.0",null]
22 verbose parsed url { protocol: null,
22 verbose parsed url   slashes: null,
22 verbose parsed url   auth: null,
22 verbose parsed url   host: null,
22 verbose parsed url   port: null,
22 verbose parsed url   hostname: null,
22 verbose parsed url   hash: null,
22 verbose parsed url   search: null,
22 verbose parsed url   query: null,
22 verbose parsed url   pathname: 'node-mysql@2.7.0',
22 verbose parsed url   path: 'node-mysql@2.7.0',
22 verbose parsed url   href: 'node-mysql@2.7.0' }
23 verbose cache add name="node-mysql" spec="2.7.0" args=["node-mysql","2.7.0"]
24 verbose parsed url { protocol: null,
24 verbose parsed url   slashes: null,
24 verbose parsed url   auth: null,
24 verbose parsed url   host: null,
24 verbose parsed url   port: null,
24 verbose parsed url   hostname: null,
24 verbose parsed url   hash: null,
24 verbose parsed url   search: null,
24 verbose parsed url   query: null,
24 verbose parsed url   pathname: '2.7.0',
24 verbose parsed url   path: '2.7.0',
24 verbose parsed url   href: '2.7.0' }
25 verbose addNamed [ 'node-mysql', '2.7.0' ]
26 verbose addNamed [ '2.7.0', '2.7.0' ]
27 silly lockFile e4bb3bbc-node-mysql-2-7-0 node-mysql@2.7.0
28 verbose lock node-mysql@2.7.0 C:\Users\000810\AppData\Roaming\npm-cache\e4bb3bbc-node-mysql-2-7-0.lock
29 verbose request where is /node-mysql
30 verbose request registry https://registry.npmjs.org/
31 verbose request id 3a3463484c622e46
32 verbose url raw /node-mysql
33 verbose url resolving [ 'https://registry.npmjs.org/', './node-mysql' ]
34 verbose url resolved https://registry.npmjs.org/node-mysql
35 verbose request where is https://registry.npmjs.org/node-mysql
36 info trying registry request attempt 1 at 10:00:08
37 http GET https://registry.npmjs.org/node-mysql
38 http 200 https://registry.npmjs.org/node-mysql
39 silly registry.get cb [ 200,
39 silly registry.get   { server: 'CouchDB/1.5.0 (Erlang OTP/R16B03)',
39 silly registry.get     etag: '"BKMF7DZP6CQ1RDTHYUD50X04M"',
39 silly registry.get     'content-type': 'application/json',
39 silly registry.get     'cache-control': 'max-age=60',
39 silly registry.get     'content-length': '63009',
39 silly registry.get     'accept-ranges': 'bytes',
39 silly registry.get     date: 'Mon, 06 Jul 2015 02:00:12 GMT',
39 silly registry.get     via: '1.1 varnish',
39 silly registry.get     age: '0',
39 silly registry.get     connection: 'keep-alive',
39 silly registry.get     'x-served-by': 'cache-hkg6825-HKG',
39 silly registry.get     'x-cache': 'MISS',
39 silly registry.get     'x-cache-hits': '0',
39 silly registry.get     'x-timer': 'S1436148010.914398,VS0,VE1088',
39 silly registry.get     vary: 'Accept' } ]
40 silly lockFile e4bb3bbc-node-mysql-2-7-0 node-mysql@2.7.0
41 silly lockFile e4bb3bbc-node-mysql-2-7-0 node-mysql@2.7.0
42 error Error: version not found: node-mysql@2.7.0
42 error     at c:\Program Files\nodejs\node_modules\npm\lib\cache\add-named.js:125:12
42 error     at saved (c:\Program Files\nodejs\node_modules\npm\node_modules\npm-registry-client\lib\get.js:167:7)
42 error     at Object.oncomplete (fs.js:107:15)
43 error If you need help, you may report this *entire* log,
43 error including the npm and node versions, at:
43 error     <http://github.com/npm/npm/issues>
44 error System Windows_NT 6.1.7601
45 error command "c:\\Program Files\\nodejs\\node.exe" "c:\\Program Files\\nodejs\\node_modules\\npm\\bin\\npm-cli.js" "install"
46 error cwd f:\work\myWebSite
47 error node -v v0.10.33
48 error npm -v 1.4.28
49 verbose exit [ 1, true ]
