0 info it worked if it ends with ok
1 verbose cli [ 'c:\\Program Files\\nodejs\\node.exe',
1 verbose cli   'c:\\Program Files\\nodejs\\node_modules\\npm\\bin\\npm-cli.js',
1 verbose cli   'install',
1 verbose cli   '--save-dev',
1 verbose cli   'yod_mock' ]
2 info using npm@1.4.28
3 info using node@v0.10.33
4 warn package.json mywebapp@1.0.0 No repository field.
5 warn package.json mywebapp@1.0.0 No README data
6 verbose readDependencies using package.json deps
7 verbose cache add [ 'yod_mock', null ]
8 verbose cache add name=undefined spec="yod_mock" args=["yod_mock",null]
9 verbose parsed url { protocol: null,
9 verbose parsed url   slashes: null,
9 verbose parsed url   auth: null,
9 verbose parsed url   host: null,
9 verbose parsed url   port: null,
9 verbose parsed url   hostname: null,
9 verbose parsed url   hash: null,
9 verbose parsed url   search: null,
9 verbose parsed url   query: null,
9 verbose parsed url   pathname: 'yod_mock',
9 verbose parsed url   path: 'yod_mock',
9 verbose parsed url   href: 'yod_mock' }
10 silly lockFile 4f41a59e-yod-mock yod_mock
11 verbose lock yod_mock C:\Users\000810\AppData\Roaming\npm-cache\4f41a59e-yod-mock.lock
12 silly lockFile 4f41a59e-yod-mock yod_mock
13 silly lockFile 4f41a59e-yod-mock yod_mock
14 verbose addNamed [ 'yod_mock', '' ]
15 verbose addNamed [ null, '*' ]
16 silly lockFile 53ca7588-yod-mock yod_mock@
17 verbose lock yod_mock@ C:\Users\000810\AppData\Roaming\npm-cache\53ca7588-yod-mock.lock
18 silly addNameRange { name: 'yod_mock', range: '*', hasData: false }
19 verbose request where is /yod_mock
20 verbose request registry https://registry.npmjs.org/
21 verbose request id 498b6a0845fd44d7
22 verbose url raw /yod_mock
23 verbose url resolving [ 'https://registry.npmjs.org/', './yod_mock' ]
24 verbose url resolved https://registry.npmjs.org/yod_mock
25 verbose request where is https://registry.npmjs.org/yod_mock
26 info trying registry request attempt 1 at 11:58:28
27 http GET https://registry.npmjs.org/yod_mock
28 http 404 https://registry.npmjs.org/yod_mock
29 verbose headers { server: 'CouchDB/1.5.0 (Erlang OTP/R16B03)',
29 verbose headers   'content-type': 'application/json',
29 verbose headers   'cache-control': 'max-age=0',
29 verbose headers   'content-length': '51',
29 verbose headers   'accept-ranges': 'bytes',
29 verbose headers   date: 'Tue, 05 May 2015 03:58:34 GMT',
29 verbose headers   via: '1.1 varnish',
29 verbose headers   age: '0',
29 verbose headers   connection: 'keep-alive',
29 verbose headers   'x-served-by': 'cache-hkg6823-HKG',
29 verbose headers   'x-cache': 'MISS',
29 verbose headers   'x-cache-hits': '0',
29 verbose headers   'x-timer': 'S1430798314.037455,VS0,VE162' }
30 silly registry.get cb [ 404,
30 silly registry.get   { server: 'CouchDB/1.5.0 (Erlang OTP/R16B03)',
30 silly registry.get     'content-type': 'application/json',
30 silly registry.get     'cache-control': 'max-age=0',
30 silly registry.get     'content-length': '51',
30 silly registry.get     'accept-ranges': 'bytes',
30 silly registry.get     date: 'Tue, 05 May 2015 03:58:34 GMT',
30 silly registry.get     via: '1.1 varnish',
30 silly registry.get     age: '0',
30 silly registry.get     connection: 'keep-alive',
30 silly registry.get     'x-served-by': 'cache-hkg6823-HKG',
30 silly registry.get     'x-cache': 'MISS',
30 silly registry.get     'x-cache-hits': '0',
30 silly registry.get     'x-timer': 'S1430798314.037455,VS0,VE162' } ]
31 silly lockFile 53ca7588-yod-mock yod_mock@
32 silly lockFile 53ca7588-yod-mock yod_mock@
33 error 404 404 Not Found: yod_mock
33 error 404
33 error 404 'yod_mock' is not in the npm registry.
33 error 404 You should bug the author to publish it
33 error 404 It was specified as a dependency of 'mywebapp'
33 error 404
33 error 404 Note that you can also install from a
33 error 404 tarball, folder, or http url, or git url.
34 error System Windows_NT 6.1.7601
35 error command "c:\\Program Files\\nodejs\\node.exe" "c:\\Program Files\\nodejs\\node_modules\\npm\\bin\\npm-cli.js" "install" "--save-dev" "yod_mock"
36 error cwd f:\work\myWebSite\app\myWebApp
37 error node -v v0.10.33
38 error npm -v 1.4.28
39 error code E404
40 verbose exit [ 1, true ]
